Copyright 1986-2018 Xilinx, Inc. All Rights Reserved.
------------------------------------------------------------------------------------
| Tool Version : Vivado v.2018.3 (win64) Build 2405991 Thu Dec  6 23:38:27 MST 2018
| Date         : Fri Aug 21 23:18:57 2020
| Host         : DESKTOP-C102N5V running 64-bit major release  (build 9200)
| Command      : report_control_sets -verbose -file desgin1_control_sets_placed.rpt
| Design       : desgin1
| Device       : xc7a35t
------------------------------------------------------------------------------------

Control Set Information

Table of Contents
-----------------
1. Summary
2. Histogram
3. Flip-Flop Distribution
4. Detailed Control Set Information

1. Summary
----------

+----------------------------------------------------------+-------+
|                          Status                          | Count |
+----------------------------------------------------------+-------+
| Number of unique control sets                            |     8 |
| Unused register locations in slices containing registers |    51 |
+----------------------------------------------------------+-------+


2. Histogram
------------

+--------+--------------+
| Fanout | Control Sets |
+--------+--------------+
|      1 |            7 |
|      6 |            1 |
+--------+--------------+


3. Flip-Flop Distribution
-------------------------

+--------------+-----------------------+------------------------+-----------------+--------------+
| Clock Enable | Synchronous Set/Reset | Asynchronous Set/Reset | Total Registers | Total Slices |
+--------------+-----------------------+------------------------+-----------------+--------------+
| No           | No                    | No                     |               6 |            2 |
| No           | No                    | Yes                    |               0 |            0 |
| No           | Yes                   | No                     |               7 |            7 |
| Yes          | No                    | No                     |               0 |            0 |
| Yes          | No                    | Yes                    |               0 |            0 |
| Yes          | Yes                   | No                     |               0 |            0 |
+--------------+-----------------------+------------------------+-----------------+--------------+


4. Detailed Control Set Information
-----------------------------------

+----------------+---------------+------------------+------------------+----------------+
|  Clock Signal  | Enable Signal | Set/Reset Signal | Slice Load Count | Bel Load Count |
+----------------+---------------+------------------+------------------+----------------+
|  clk_IBUF_BUFG |               | LED[6]_i_1_n_0   |                1 |              1 |
|  clk_IBUF_BUFG |               | LED[3]_i_1_n_0   |                1 |              1 |
|  clk_IBUF_BUFG |               | LED[7]_i_1_n_0   |                1 |              1 |
|  clk_IBUF_BUFG |               | rst_IBUF         |                1 |              1 |
|  clk_IBUF_BUFG |               | LED[5]_i_1_n_0   |                1 |              1 |
|  clk_IBUF_BUFG |               | LED[2]_i_1_n_0   |                1 |              1 |
|  clk_IBUF_BUFG |               | LED[4]_i_1_n_0   |                1 |              1 |
|  clk_IBUF_BUFG |               |                  |                2 |              6 |
+----------------+---------------+------------------+------------------+----------------+


