
*** Running vivado
    with args -log design_1_wrapper.vds -m64 -product Vivado -mode batch -messageDb vivado.pb -notrace -source design_1_wrapper.tcl


****** Vivado v2018.3 (64-bit)
  **** SW Build 2405991 on Thu Dec  6 23:38:27 MST 2018
  **** IP Build 2404404 on Fri Dec  7 01:43:56 MST 2018
    ** Copyright 1986-2018 Xilinx, Inc. All Rights Reserved.

source design_1_wrapper.tcl -notrace
INFO: [IP_Flow 19-234] Refreshing IP repositories
INFO: [IP_Flow 19-1700] Loaded user IP repository 'c:/Users/Pikachu/Desktop/Experiment_3/IP core/xilinx.com_user_adder_1.0'.
INFO: [IP_Flow 19-1700] Loaded user IP repository 'c:/Users/Pikachu/Desktop/Experiment_3/IP core/xilinx.com_user_deconcentrator_1.0'.
INFO: [IP_Flow 19-1700] Loaded user IP repository 'c:/Users/Pikachu/Desktop/Experiment_3/IP core/xilinx.com_user_doubling_1.0'.
INFO: [IP_Flow 19-2313] Loaded Vivado IP repository 'D:/Vivado18.3/Vivado/2018.3/data/ip'.
Command: synth_design -top design_1_wrapper -part xc7a35tftg256-1
Starting synth_design
Attempting to get a license for feature 'Synthesis' and/or device 'xc7a35t'
INFO: [Common 17-349] Got license for feature 'Synthesis' and/or device 'xc7a35t'
INFO: Launching helper process for spawning children vivado processes
INFO: Helper process launched with PID 2696 
---------------------------------------------------------------------------------
Starting RTL Elaboration : Time (s): cpu = 00:00:02 ; elapsed = 00:00:02 . Memory (MB): peak = 466.047 ; gain = 99.316
---------------------------------------------------------------------------------
INFO: [Synth 8-6157] synthesizing module 'design_1_wrapper' [C:/Users/Pikachu/Desktop/Experiment_3/mult_decimal/project_final.srcs/sources_1/bd/design_1/hdl/design_1_wrapper.v:12]
INFO: [Synth 8-6157] synthesizing module 'design_1' [C:/Users/Pikachu/Desktop/Experiment_3/mult_decimal/project_final.srcs/sources_1/bd/design_1/synth/design_1.v:13]
INFO: [Synth 8-6157] synthesizing module 'design_1_adder_0_0' [C:/Users/Pikachu/Desktop/Experiment_3/mult_decimal/project_final.runs/synth_1/.Xil/Vivado-2472-DESKTOP-C102N5V/realtime/design_1_adder_0_0_stub.v:6]
INFO: [Synth 8-6155] done synthesizing module 'design_1_adder_0_0' (1#1) [C:/Users/Pikachu/Desktop/Experiment_3/mult_decimal/project_final.runs/synth_1/.Xil/Vivado-2472-DESKTOP-C102N5V/realtime/design_1_adder_0_0_stub.v:6]
INFO: [Synth 8-6157] synthesizing module 'design_1_adder_1_0' [C:/Users/Pikachu/Desktop/Experiment_3/mult_decimal/project_final.runs/synth_1/.Xil/Vivado-2472-DESKTOP-C102N5V/realtime/design_1_adder_1_0_stub.v:6]
INFO: [Synth 8-6155] done synthesizing module 'design_1_adder_1_0' (2#1) [C:/Users/Pikachu/Desktop/Experiment_3/mult_decimal/project_final.runs/synth_1/.Xil/Vivado-2472-DESKTOP-C102N5V/realtime/design_1_adder_1_0_stub.v:6]
INFO: [Synth 8-6157] synthesizing module 'design_1_deconcentrator_0_0' [C:/Users/Pikachu/Desktop/Experiment_3/mult_decimal/project_final.runs/synth_1/.Xil/Vivado-2472-DESKTOP-C102N5V/realtime/design_1_deconcentrator_0_0_stub.v:6]
INFO: [Synth 8-6155] done synthesizing module 'design_1_deconcentrator_0_0' (3#1) [C:/Users/Pikachu/Desktop/Experiment_3/mult_decimal/project_final.runs/synth_1/.Xil/Vivado-2472-DESKTOP-C102N5V/realtime/design_1_deconcentrator_0_0_stub.v:6]
INFO: [Synth 8-6157] synthesizing module 'design_1_deconcentrator_0_1' [C:/Users/Pikachu/Desktop/Experiment_3/mult_decimal/project_final.runs/synth_1/.Xil/Vivado-2472-DESKTOP-C102N5V/realtime/design_1_deconcentrator_0_1_stub.v:6]
INFO: [Synth 8-6155] done synthesizing module 'design_1_deconcentrator_0_1' (4#1) [C:/Users/Pikachu/Desktop/Experiment_3/mult_decimal/project_final.runs/synth_1/.Xil/Vivado-2472-DESKTOP-C102N5V/realtime/design_1_deconcentrator_0_1_stub.v:6]
INFO: [Synth 8-6157] synthesizing module 'design_1_doubling_0_0' [C:/Users/Pikachu/Desktop/Experiment_3/mult_decimal/project_final.runs/synth_1/.Xil/Vivado-2472-DESKTOP-C102N5V/realtime/design_1_doubling_0_0_stub.v:6]
INFO: [Synth 8-6155] done synthesizing module 'design_1_doubling_0_0' (5#1) [C:/Users/Pikachu/Desktop/Experiment_3/mult_decimal/project_final.runs/synth_1/.Xil/Vivado-2472-DESKTOP-C102N5V/realtime/design_1_doubling_0_0_stub.v:6]
INFO: [Synth 8-6155] done synthesizing module 'design_1' (6#1) [C:/Users/Pikachu/Desktop/Experiment_3/mult_decimal/project_final.srcs/sources_1/bd/design_1/synth/design_1.v:13]
INFO: [Synth 8-6155] done synthesizing module 'design_1_wrapper' (7#1) [C:/Users/Pikachu/Desktop/Experiment_3/mult_decimal/project_final.srcs/sources_1/bd/design_1/hdl/design_1_wrapper.v:12]
---------------------------------------------------------------------------------
Finished RTL Elaboration : Time (s): cpu = 00:00:03 ; elapsed = 00:00:03 . Memory (MB): peak = 521.430 ; gain = 154.699
---------------------------------------------------------------------------------

Report Check Netlist: 
+------+------------------+-------+---------+-------+------------------+
|      |Item              |Errors |Warnings |Status |Description       |
+------+------------------+-------+---------+-------+------------------+
|1     |multi_driven_nets |      0|        0|Passed |Multi driven nets |
+------+------------------+-------+---------+-------+------------------+
---------------------------------------------------------------------------------
Start Handling Custom Attributes
---------------------------------------------------------------------------------
---------------------------------------------------------------------------------
Finished Handling Custom Attributes : Time (s): cpu = 00:00:03 ; elapsed = 00:00:03 . Memory (MB): peak = 521.430 ; gain = 154.699
---------------------------------------------------------------------------------
---------------------------------------------------------------------------------
Finished RTL Optimization Phase 1 : Time (s): cpu = 00:00:03 ; elapsed = 00:00:03 . Memory (MB): peak = 521.430 ; gain = 154.699
---------------------------------------------------------------------------------
INFO: [Device 21-403] Loading part xc7a35tftg256-1
INFO: [Project 1-570] Preparing netlist for logic optimization

Processing XDC Constraints
Initializing timing engine
Parsing XDC File [c:/Users/Pikachu/Desktop/Experiment_3/mult_decimal/project_final.srcs/sources_1/bd/design_1/ip/design_1_adder_0_0/design_1_adder_0_0/design_1_adder_0_0_in_context.xdc] for cell 'design_1_i/adder_0'
Finished Parsing XDC File [c:/Users/Pikachu/Desktop/Experiment_3/mult_decimal/project_final.srcs/sources_1/bd/design_1/ip/design_1_adder_0_0/design_1_adder_0_0/design_1_adder_0_0_in_context.xdc] for cell 'design_1_i/adder_0'
Parsing XDC File [c:/Users/Pikachu/Desktop/Experiment_3/mult_decimal/project_final.srcs/sources_1/bd/design_1/ip/design_1_adder_1_0/design_1_adder_1_0/design_1_adder_0_0_in_context.xdc] for cell 'design_1_i/adder_1'
Finished Parsing XDC File [c:/Users/Pikachu/Desktop/Experiment_3/mult_decimal/project_final.srcs/sources_1/bd/design_1/ip/design_1_adder_1_0/design_1_adder_1_0/design_1_adder_0_0_in_context.xdc] for cell 'design_1_i/adder_1'
Parsing XDC File [c:/Users/Pikachu/Desktop/Experiment_3/mult_decimal/project_final.srcs/sources_1/bd/design_1/ip/design_1_deconcentrator_0_0/design_1_deconcentrator_0_0/design_1_deconcentrator_0_0_in_context.xdc] for cell 'design_1_i/deconcentrator_0'
Finished Parsing XDC File [c:/Users/Pikachu/Desktop/Experiment_3/mult_decimal/project_final.srcs/sources_1/bd/design_1/ip/design_1_deconcentrator_0_0/design_1_deconcentrator_0_0/design_1_deconcentrator_0_0_in_context.xdc] for cell 'design_1_i/deconcentrator_0'
Parsing XDC File [c:/Users/Pikachu/Desktop/Experiment_3/mult_decimal/project_final.srcs/sources_1/bd/design_1/ip/design_1_doubling_0_0/design_1_doubling_0_0/design_1_doubling_0_0_in_context.xdc] for cell 'design_1_i/doubling_0'
Finished Parsing XDC File [c:/Users/Pikachu/Desktop/Experiment_3/mult_decimal/project_final.srcs/sources_1/bd/design_1/ip/design_1_doubling_0_0/design_1_doubling_0_0/design_1_doubling_0_0_in_context.xdc] for cell 'design_1_i/doubling_0'
Parsing XDC File [c:/Users/Pikachu/Desktop/Experiment_3/mult_decimal/project_final.srcs/sources_1/bd/design_1/ip/design_1_deconcentrator_0_1/design_1_deconcentrator_0_1/design_1_deconcentrator_0_0_in_context.xdc] for cell 'design_1_i/deconcentrator_1'
Finished Parsing XDC File [c:/Users/Pikachu/Desktop/Experiment_3/mult_decimal/project_final.srcs/sources_1/bd/design_1/ip/design_1_deconcentrator_0_1/design_1_deconcentrator_0_1/design_1_deconcentrator_0_0_in_context.xdc] for cell 'design_1_i/deconcentrator_1'
Parsing XDC File [C:/Users/Pikachu/Desktop/Experiment_3/mult_decimal/project_final.srcs/constrs_1/new/design_1_xdc.xdc]
Finished Parsing XDC File [C:/Users/Pikachu/Desktop/Experiment_3/mult_decimal/project_final.srcs/constrs_1/new/design_1_xdc.xdc]
INFO: [Project 1-236] Implementation specific constraints were found while reading constraint file [C:/Users/Pikachu/Desktop/Experiment_3/mult_decimal/project_final.srcs/constrs_1/new/design_1_xdc.xdc]. These constraints will be ignored for synthesis but will be used in implementation. Impacted constraints are listed in the file [.Xil/design_1_wrapper_propImpl.xdc].
Resolution: To avoid this warning, move constraints listed in [.Xil/design_1_wrapper_propImpl.xdc] to another XDC file and exclude this new file from synthesis with the used_in_synthesis property (File Properties dialog in GUI) and re-run elaboration/synthesis.
Parsing XDC File [C:/Users/Pikachu/Desktop/Experiment_3/mult_decimal/project_final.runs/synth_1/dont_touch.xdc]
Finished Parsing XDC File [C:/Users/Pikachu/Desktop/Experiment_3/mult_decimal/project_final.runs/synth_1/dont_touch.xdc]
Netlist sorting complete. Time (s): cpu = 00:00:00 ; elapsed = 00:00:00 . Memory (MB): peak = 783.293 ; gain = 0.000
Completed Processing XDC Constraints

Netlist sorting complete. Time (s): cpu = 00:00:00 ; elapsed = 00:00:00 . Memory (MB): peak = 783.293 ; gain = 0.000
INFO: [Project 1-111] Unisim Transformation Summary:
No Unisim elements were transformed.

Netlist sorting complete. Time (s): cpu = 00:00:00 ; elapsed = 00:00:00 . Memory (MB): peak = 783.293 ; gain = 0.000
Constraint Validation Runtime : Time (s): cpu = 00:00:00 ; elapsed = 00:00:00.009 . Memory (MB): peak = 783.293 ; gain = 0.000
---------------------------------------------------------------------------------
Finished Constraint Validation : Time (s): cpu = 00:00:09 ; elapsed = 00:00:11 . Memory (MB): peak = 783.293 ; gain = 416.562
---------------------------------------------------------------------------------
---------------------------------------------------------------------------------
Start Loading Part and Timing Information
---------------------------------------------------------------------------------
Loading part: xc7a35tftg256-1
---------------------------------------------------------------------------------
Finished Loading Part and Timing Information : Time (s): cpu = 00:00:09 ; elapsed = 00:00:11 . Memory (MB): peak = 783.293 ; gain = 416.562
---------------------------------------------------------------------------------
---------------------------------------------------------------------------------
Start Applying 'set_property' XDC Constraints
---------------------------------------------------------------------------------
Applied set_property DONT_TOUCH = true for design_1_i. (constraint file  auto generated constraint, line ).
Applied set_property DONT_TOUCH = true for design_1_i/adder_0. (constraint file  auto generated constraint, line ).
Applied set_property DONT_TOUCH = true for design_1_i/adder_1. (constraint file  auto generated constraint, line ).
Applied set_property DONT_TOUCH = true for design_1_i/deconcentrator_0. (constraint file  auto generated constraint, line ).
Applied set_property DONT_TOUCH = true for design_1_i/doubling_0. (constraint file  auto generated constraint, line ).
Applied set_property DONT_TOUCH = true for design_1_i/deconcentrator_1. (constraint file  auto generated constraint, line ).
---------------------------------------------------------------------------------
Finished applying 'set_property' XDC Constraints : Time (s): cpu = 00:00:09 ; elapsed = 00:00:11 . Memory (MB): peak = 783.293 ; gain = 416.562
---------------------------------------------------------------------------------
---------------------------------------------------------------------------------
Finished RTL Optimization Phase 2 : Time (s): cpu = 00:00:09 ; elapsed = 00:00:11 . Memory (MB): peak = 783.293 ; gain = 416.562
---------------------------------------------------------------------------------

Report RTL Partitions: 
+-+--------------+------------+----------+
| |RTL Partition |Replication |Instances |
+-+--------------+------------+----------+
+-+--------------+------------+----------+
---------------------------------------------------------------------------------
Start RTL Component Statistics 
---------------------------------------------------------------------------------
Detailed RTL Component Info : 
---------------------------------------------------------------------------------
Finished RTL Component Statistics 
---------------------------------------------------------------------------------
---------------------------------------------------------------------------------
Start RTL Hierarchical Component Statistics 
---------------------------------------------------------------------------------
Hierarchical RTL Component report 
---------------------------------------------------------------------------------
Finished RTL Hierarchical Component Statistics
---------------------------------------------------------------------------------
---------------------------------------------------------------------------------
Start Part Resource Summary
---------------------------------------------------------------------------------
Part Resources:
DSPs: 90 (col length:60)
BRAMs: 100 (col length: RAMB18 60 RAMB36 30)
---------------------------------------------------------------------------------
Finished Part Resource Summary
---------------------------------------------------------------------------------
---------------------------------------------------------------------------------
Start Cross Boundary and Area Optimization
---------------------------------------------------------------------------------
Warning: Parallel synthesis criteria is not met 
---------------------------------------------------------------------------------
Finished Cross Boundary and Area Optimization : Time (s): cpu = 00:00:09 ; elapsed = 00:00:11 . Memory (MB): peak = 783.293 ; gain = 416.562
---------------------------------------------------------------------------------

Report RTL Partitions: 
+-+--------------+------------+----------+
| |RTL Partition |Replication |Instances |
+-+--------------+------------+----------+
+-+--------------+------------+----------+
---------------------------------------------------------------------------------
Start Applying XDC Timing Constraints
---------------------------------------------------------------------------------
---------------------------------------------------------------------------------
Finished Applying XDC Timing Constraints : Time (s): cpu = 00:00:16 ; elapsed = 00:00:18 . Memory (MB): peak = 829.977 ; gain = 463.246
---------------------------------------------------------------------------------
---------------------------------------------------------------------------------
Start Timing Optimization
---------------------------------------------------------------------------------
---------------------------------------------------------------------------------
Finished Timing Optimization : Time (s): cpu = 00:00:16 ; elapsed = 00:00:18 . Memory (MB): peak = 829.977 ; gain = 463.246
---------------------------------------------------------------------------------

Report RTL Partitions: 
+-+--------------+------------+----------+
| |RTL Partition |Replication |Instances |
+-+--------------+------------+----------+
+-+--------------+------------+----------+
---------------------------------------------------------------------------------
Start Technology Mapping
---------------------------------------------------------------------------------
---------------------------------------------------------------------------------
Finished Technology Mapping : Time (s): cpu = 00:00:16 ; elapsed = 00:00:18 . Memory (MB): peak = 839.566 ; gain = 472.836
---------------------------------------------------------------------------------

Report RTL Partitions: 
+-+--------------+------------+----------+
| |RTL Partition |Replication |Instances |
+-+--------------+------------+----------+
+-+--------------+------------+----------+
---------------------------------------------------------------------------------
Start IO Insertion
---------------------------------------------------------------------------------
---------------------------------------------------------------------------------
Start Flattening Before IO Insertion
---------------------------------------------------------------------------------
---------------------------------------------------------------------------------
Finished Flattening Before IO Insertion
---------------------------------------------------------------------------------
---------------------------------------------------------------------------------
Start Final Netlist Cleanup
---------------------------------------------------------------------------------
---------------------------------------------------------------------------------
Finished Final Netlist Cleanup
---------------------------------------------------------------------------------
---------------------------------------------------------------------------------
Finished IO Insertion : Time (s): cpu = 00:00:17 ; elapsed = 00:00:19 . Memory (MB): peak = 839.566 ; gain = 472.836
---------------------------------------------------------------------------------

Report Check Netlist: 
+------+------------------+-------+---------+-------+------------------+
|      |Item              |Errors |Warnings |Status |Description       |
+------+------------------+-------+---------+-------+------------------+
|1     |multi_driven_nets |      0|        0|Passed |Multi driven nets |
+------+------------------+-------+---------+-------+------------------+
---------------------------------------------------------------------------------
Start Renaming Generated Instances
---------------------------------------------------------------------------------
---------------------------------------------------------------------------------
Finished Renaming Generated Instances : Time (s): cpu = 00:00:17 ; elapsed = 00:00:19 . Memory (MB): peak = 839.566 ; gain = 472.836
---------------------------------------------------------------------------------

Report RTL Partitions: 
+-+--------------+------------+----------+
| |RTL Partition |Replication |Instances |
+-+--------------+------------+----------+
+-+--------------+------------+----------+
---------------------------------------------------------------------------------
Start Rebuilding User Hierarchy
---------------------------------------------------------------------------------
---------------------------------------------------------------------------------
Finished Rebuilding User Hierarchy : Time (s): cpu = 00:00:17 ; elapsed = 00:00:19 . Memory (MB): peak = 839.566 ; gain = 472.836
---------------------------------------------------------------------------------
---------------------------------------------------------------------------------
Start Renaming Generated Ports
---------------------------------------------------------------------------------
---------------------------------------------------------------------------------
Finished Renaming Generated Ports : Time (s): cpu = 00:00:17 ; elapsed = 00:00:19 . Memory (MB): peak = 839.566 ; gain = 472.836
---------------------------------------------------------------------------------
---------------------------------------------------------------------------------
Start Handling Custom Attributes
---------------------------------------------------------------------------------
---------------------------------------------------------------------------------
Finished Handling Custom Attributes : Time (s): cpu = 00:00:17 ; elapsed = 00:00:19 . Memory (MB): peak = 839.566 ; gain = 472.836
---------------------------------------------------------------------------------
---------------------------------------------------------------------------------
Start Renaming Generated Nets
---------------------------------------------------------------------------------
---------------------------------------------------------------------------------
Finished Renaming Generated Nets : Time (s): cpu = 00:00:17 ; elapsed = 00:00:19 . Memory (MB): peak = 839.566 ; gain = 472.836
---------------------------------------------------------------------------------
---------------------------------------------------------------------------------
Start Writing Synthesis Report
---------------------------------------------------------------------------------

Report BlackBoxes: 
+------+----------------------------+----------+
|      |BlackBox name               |Instances |
+------+----------------------------+----------+
|1     |design_1_adder_0_0          |         1|
|2     |design_1_adder_1_0          |         1|
|3     |design_1_deconcentrator_0_0 |         1|
|4     |design_1_deconcentrator_0_1 |         1|
|5     |design_1_doubling_0_0       |         1|
+------+----------------------------+----------+

Report Cell Usage: 
+------+----------------------------+------+
|      |Cell                        |Count |
+------+----------------------------+------+
|1     |design_1_adder_0_0          |     1|
|2     |design_1_adder_1_0          |     1|
|3     |design_1_deconcentrator_0_0 |     1|
|4     |design_1_deconcentrator_0_1 |     1|
|5     |design_1_doubling_0_0       |     1|
|6     |IBUF                        |    19|
|7     |OBUF                        |    12|
+------+----------------------------+------+

Report Instance Areas: 
+------+-------------+---------+------+
|      |Instance     |Module   |Cells |
+------+-------------+---------+------+
|1     |top          |         |    98|
|2     |  design_1_i |design_1 |    67|
+------+-------------+---------+------+
---------------------------------------------------------------------------------
Finished Writing Synthesis Report : Time (s): cpu = 00:00:17 ; elapsed = 00:00:19 . Memory (MB): peak = 839.566 ; gain = 472.836
---------------------------------------------------------------------------------
Synthesis finished with 0 errors, 0 critical warnings and 0 warnings.
Synthesis Optimization Runtime : Time (s): cpu = 00:00:10 ; elapsed = 00:00:14 . Memory (MB): peak = 839.566 ; gain = 210.973
Synthesis Optimization Complete : Time (s): cpu = 00:00:17 ; elapsed = 00:00:19 . Memory (MB): peak = 839.566 ; gain = 472.836
INFO: [Project 1-571] Translating synthesized netlist
INFO: [Project 1-570] Preparing netlist for logic optimization
INFO: [Opt 31-138] Pushed 0 inverter(s) to 0 load pin(s).
Netlist sorting complete. Time (s): cpu = 00:00:00 ; elapsed = 00:00:00 . Memory (MB): peak = 850.598 ; gain = 0.000
INFO: [Project 1-111] Unisim Transformation Summary:
No Unisim elements were transformed.

INFO: [Common 17-83] Releasing license: Synthesis
29 Infos, 0 Warnings, 0 Critical Warnings and 0 Errors encountered.
synth_design completed successfully
synth_design: Time (s): cpu = 00:00:19 ; elapsed = 00:00:21 . Memory (MB): peak = 850.598 ; gain = 495.344
Netlist sorting complete. Time (s): cpu = 00:00:00 ; elapsed = 00:00:00 . Memory (MB): peak = 850.598 ; gain = 0.000
WARNING: [Constraints 18-5210] No constraints selected for write.
Resolution: This message can indicate that there are no constraints for the design, or it can indicate that the used_in flags are set such that the constraints are ignored. This later case is used when running synth_design to not write synthesis constraints to the resulting checkpoint. Instead, project constraints are read when the synthesized design is opened.
INFO: [Common 17-1381] The checkpoint 'C:/Users/Pikachu/Desktop/Experiment_3/mult_decimal/project_final.runs/synth_1/design_1_wrapper.dcp' has been generated.
INFO: [runtcl-4] Executing : report_utilization -file design_1_wrapper_utilization_synth.rpt -pb design_1_wrapper_utilization_synth.pb
INFO: [Common 17-206] Exiting Vivado at Sat Aug 29 20:27:03 2020...
