Vivado Simulator 2018.3
Time resolution is 1 ps
                   0  clk=0 rst=1 WriteData=  x
                  10  clk=0 rst=1 WriteData=  3
                  20  clk=1 rst=1 WriteData=  3
                  30  clk=1 rst=0 WriteData=  3
                  40  clk=0 rst=0 WriteData=  3
                  60  clk=1 rst=0 WriteData=  3
                  80  clk=0 rst=0 WriteData=  3
                 100  clk=1 rst=0 WriteData=  3
                 120  clk=0 rst=0 WriteData=  3
                 140  clk=1 rst=0 WriteData=  3
                 160  clk=0 rst=0 WriteData=  3
                 170  clk=0 rst=0 WriteData=  5
                 180  clk=1 rst=0 WriteData=  5
                 200  clk=0 rst=0 WriteData=  5
                 220  clk=1 rst=0 WriteData=  5
                 240  clk=0 rst=0 WriteData=  5
                 260  clk=1 rst=0 WriteData=  5
                 280  clk=0 rst=0 WriteData=  5
                 300  clk=1 rst=0 WriteData=  5
                 320  clk=0 rst=0 WriteData=  5
                 340  clk=1 rst=0 WriteData=  5
                 360  clk=0 rst=0 WriteData=  5
                 380  clk=1 rst=0 WriteData=  5
                 400  clk=0 rst=0 WriteData=  5
                 420  clk=1 rst=0 WriteData=  5
                 440  clk=0 rst=0 WriteData=  5
                 460  clk=1 rst=0 WriteData=  5
                 480  clk=0 rst=0 WriteData=  5
                 500  clk=1 rst=0 WriteData=  5
                 520  clk=0 rst=0 WriteData=  5
                 540  clk=1 rst=0 WriteData=  5
                 560  clk=0 rst=0 WriteData=  5
                 580  clk=1 rst=0 WriteData=  5
                 600  clk=0 rst=0 WriteData=  5
                 620  clk=1 rst=0 WriteData=  5
                 640  clk=0 rst=0 WriteData=  5
                 660  clk=1 rst=0 WriteData=  5
                 680  clk=0 rst=0 WriteData=  5
                 700  clk=1 rst=0 WriteData=  5
                 720  clk=0 rst=0 WriteData=  5
                 740  clk=1 rst=0 WriteData=  5
                 760  clk=0 rst=0 WriteData=  5
                 780  clk=1 rst=0 WriteData=  5
                 800  clk=0 rst=0 WriteData=  5
                 820  clk=1 rst=0 WriteData=  5
                 840  clk=0 rst=0 WriteData=  5
                 860  clk=1 rst=0 WriteData=  5
                 880  clk=0 rst=0 WriteData=  5
                 900  clk=1 rst=0 WriteData=  5
                 920  clk=0 rst=0 WriteData=  5
                 940  clk=1 rst=0 WriteData=  5
                 960  clk=0 rst=0 WriteData=  5
                 980  clk=1 rst=0 WriteData=  5
                1000  clk=0 rst=0 WriteData=  5
