#-----------------------------------------------------------
# Vivado v2018.3 (64-bit)
# SW Build 2405991 on Thu Dec  6 23:38:27 MST 2018
# IP Build 2404404 on Fri Dec  7 01:43:56 MST 2018
# Start of session at: Thu Jul  2 22:18:40 2020
# Process ID: 3340
# Current directory: C:/Users/Pikachu/Desktop/Hardware course design/EXperiment_2
# Command line: vivado.exe -gui_launcher_event rodinguilauncherevent8992 C:\Users\Pikachu\Desktop\Hardware course design\EXperiment_2\EXperiment_2.xpr
# Log file: C:/Users/Pikachu/Desktop/Hardware course design/EXperiment_2/vivado.log
# Journal file: C:/Users/Pikachu/Desktop/Hardware course design/EXperiment_2\vivado.jou
#-----------------------------------------------------------
start_gui
open_project {C:/Users/Pikachu/Desktop/Hardware course design/EXperiment_2/EXperiment_2.xpr}
Scanning sources...
Finished scanning sources
INFO: [IP_Flow 19-234] Refreshing IP repositories
INFO: [IP_Flow 19-1704] No user IP repositories specified
INFO: [IP_Flow 19-2313] Loaded Vivado IP repository 'D:/Vivado18.3/Vivado/2018.3/data/ip'.
open_project: Time (s): cpu = 00:00:12 ; elapsed = 00:00:07 . Memory (MB): peak = 774.770 ; gain = 131.211
update_compile_order -fileset sources_1
exit
INFO: [Common 17-206] Exiting Vivado at Thu Jul  2 22:19:07 2020...
