#-----------------------------------------------------------
# Vivado v2018.3 (64-bit)
# SW Build 2405991 on Thu Dec  6 23:38:27 MST 2018
# IP Build 2404404 on Fri Dec  7 01:43:56 MST 2018
# Start of session at: Wed Aug 19 22:12:31 2020
# Process ID: 13180
# Current directory: C:/Users/Pikachu/Desktop/Experiment_4
# Command line: vivado.exe -gui_launcher_event rodinguilauncherevent25216 C:\Users\Pikachu\Desktop\Experiment_4\project_1.xpr
# Log file: C:/Users/Pikachu/Desktop/Experiment_4/vivado.log
# Journal file: C:/Users/Pikachu/Desktop/Experiment_4\vivado.jou
#-----------------------------------------------------------
start_gui
open_project C:/Users/Pikachu/Desktop/Experiment_4/project_1.xpr
Scanning sources...
Finished scanning sources
INFO: [IP_Flow 19-234] Refreshing IP repositories
INFO: [IP_Flow 19-1704] No user IP repositories specified
INFO: [IP_Flow 19-2313] Loaded Vivado IP repository 'D:/Vivado18.3/Vivado/2018.3/data/ip'.
open_project: Time (s): cpu = 00:00:12 ; elapsed = 00:00:08 . Memory (MB): peak = 961.145 ; gain = 89.723
update_compile_order -fileset sources_1
reset_run synth_1
launch_runs synth_1 -jobs 6
[Wed Aug 19 22:22:27 2020] Launched synth_1...
Run output will be captured here: C:/Users/Pikachu/Desktop/Experiment_4/project_1.runs/synth_1/runme.log
launch_runs impl_1 -jobs 6
[Wed Aug 19 22:25:19 2020] Launched impl_1...
Run output will be captured here: C:/Users/Pikachu/Desktop/Experiment_4/project_1.runs/impl_1/runme.log
launch_runs impl_1 -to_step write_bitstream -jobs 6
[Wed Aug 19 22:26:40 2020] Launched impl_1...
Run output will be captured here: C:/Users/Pikachu/Desktop/Experiment_4/project_1.runs/impl_1/runme.log
reset_run synth_1
launch_runs impl_1 -to_step write_bitstream -jobs 6
[Wed Aug 19 22:36:10 2020] Launched synth_1...
Run output will be captured here: C:/Users/Pikachu/Desktop/Experiment_4/project_1.runs/synth_1/runme.log
[Wed Aug 19 22:36:10 2020] Launched impl_1...
Run output will be captured here: C:/Users/Pikachu/Desktop/Experiment_4/project_1.runs/impl_1/runme.log
exit
INFO: [Common 17-206] Exiting Vivado at Wed Aug 19 22:41:25 2020...
