Copyright 1986-2018 Xilinx, Inc. All Rights Reserved.
-----------------------------------------------------------------------------------------------------------------------------------------------
| Tool Version : Vivado v.2018.3 (win64) Build 2405991 Thu Dec  6 23:38:27 MST 2018
| Date         : Mon Aug 31 15:09:49 2020
| Host         : DESKTOP-C102N5V running 64-bit major release  (build 9200)
| Command      : report_methodology -file ALU_methodology_drc_routed.rpt -pb ALU_methodology_drc_routed.pb -rpx ALU_methodology_drc_routed.rpx
| Design       : ALU
| Device       : xc7a35tftg256-1
| Speed File   : -1
| Design State : Fully Routed
-----------------------------------------------------------------------------------------------------------------------------------------------

Report Methodology

Table of Contents
-----------------
1. REPORT SUMMARY
2. REPORT DETAILS

1. REPORT SUMMARY
-----------------
            Netlist: netlist
          Floorplan: design_1
      Design limits: <entire design considered>
             Max violations: <unlimited>
             Violations found: 8
+-----------+----------+-------------------+------------+
| Rule      | Severity | Description       | Violations |
+-----------+----------+-------------------+------------+
| TIMING-20 | Warning  | Non-clocked latch | 8          |
+-----------+----------+-------------------+------------+

2. REPORT DETAILS
-----------------
TIMING-20#1 Warning
Non-clocked latch  
The latch alu_out_reg[0] cannot be properly analyzed as its control pin alu_out_reg[0]/G is not reached by a timing clock
Related violations: <none>

TIMING-20#2 Warning
Non-clocked latch  
The latch alu_out_reg[1] cannot be properly analyzed as its control pin alu_out_reg[1]/G is not reached by a timing clock
Related violations: <none>

TIMING-20#3 Warning
Non-clocked latch  
The latch alu_out_reg[2] cannot be properly analyzed as its control pin alu_out_reg[2]/G is not reached by a timing clock
Related violations: <none>

TIMING-20#4 Warning
Non-clocked latch  
The latch alu_out_reg[3] cannot be properly analyzed as its control pin alu_out_reg[3]/G is not reached by a timing clock
Related violations: <none>

TIMING-20#5 Warning
Non-clocked latch  
The latch alu_out_reg[4] cannot be properly analyzed as its control pin alu_out_reg[4]/G is not reached by a timing clock
Related violations: <none>

TIMING-20#6 Warning
Non-clocked latch  
The latch alu_out_reg[5] cannot be properly analyzed as its control pin alu_out_reg[5]/G is not reached by a timing clock
Related violations: <none>

TIMING-20#7 Warning
Non-clocked latch  
The latch alu_out_reg[6] cannot be properly analyzed as its control pin alu_out_reg[6]/G is not reached by a timing clock
Related violations: <none>

TIMING-20#8 Warning
Non-clocked latch  
The latch alu_out_reg[7] cannot be properly analyzed as its control pin alu_out_reg[7]/G is not reached by a timing clock
Related violations: <none>


