
*** Running vivado
    with args -log shifter2.vds -m64 -product Vivado -mode batch -messageDb vivado.pb -notrace -source shifter2.tcl


****** Vivado v2018.3 (64-bit)
  **** SW Build 2405991 on Thu Dec  6 23:38:27 MST 2018
  **** IP Build 2404404 on Fri Dec  7 01:43:56 MST 2018
    ** Copyright 1986-2018 Xilinx, Inc. All Rights Reserved.

source shifter2.tcl -notrace
Command: synth_design -top shifter2 -part xc7a35tftg256-1
Starting synth_design
Attempting to get a license for feature 'Synthesis' and/or device 'xc7a35t'
INFO: [Common 17-349] Got license for feature 'Synthesis' and/or device 'xc7a35t'
INFO: Launching helper process for spawning children vivado processes
INFO: Helper process launched with PID 8676 
---------------------------------------------------------------------------------
Starting Synthesize : Time (s): cpu = 00:00:02 ; elapsed = 00:00:02 . Memory (MB): peak = 430.438 ; gain = 99.289
---------------------------------------------------------------------------------
INFO: [Synth 8-6157] synthesizing module 'shifter2' [D:/CPU/shifter2/project_2.srcs/sources_1/new/shifter2.v:23]
	Parameter zero bound to: 2'b00 
INFO: [Synth 8-6155] done synthesizing module 'shifter2' (1#1) [D:/CPU/shifter2/project_2.srcs/sources_1/new/shifter2.v:23]
WARNING: [Synth 8-3330] design shifter2 has an empty top module
WARNING: [Synth 8-3917] design shifter2 has port pc_addr_J[1] driven by constant 0
WARNING: [Synth 8-3917] design shifter2 has port pc_addr_J[0] driven by constant 0
WARNING: [Synth 8-3331] design shifter2 has unconnected port pc_addr[28]
WARNING: [Synth 8-3331] design shifter2 has unconnected port pc_addr[27]
WARNING: [Synth 8-3331] design shifter2 has unconnected port pc_addr[26]
WARNING: [Synth 8-3331] design shifter2 has unconnected port pc_addr[25]
WARNING: [Synth 8-3331] design shifter2 has unconnected port pc_addr[24]
WARNING: [Synth 8-3331] design shifter2 has unconnected port pc_addr[23]
WARNING: [Synth 8-3331] design shifter2 has unconnected port pc_addr[22]
WARNING: [Synth 8-3331] design shifter2 has unconnected port pc_addr[21]
WARNING: [Synth 8-3331] design shifter2 has unconnected port pc_addr[20]
WARNING: [Synth 8-3331] design shifter2 has unconnected port pc_addr[19]
WARNING: [Synth 8-3331] design shifter2 has unconnected port pc_addr[18]
WARNING: [Synth 8-3331] design shifter2 has unconnected port pc_addr[17]
WARNING: [Synth 8-3331] design shifter2 has unconnected port pc_addr[16]
WARNING: [Synth 8-3331] design shifter2 has unconnected port pc_addr[15]
WARNING: [Synth 8-3331] design shifter2 has unconnected port pc_addr[14]
WARNING: [Synth 8-3331] design shifter2 has unconnected port pc_addr[13]
WARNING: [Synth 8-3331] design shifter2 has unconnected port pc_addr[12]
WARNING: [Synth 8-3331] design shifter2 has unconnected port pc_addr[11]
WARNING: [Synth 8-3331] design shifter2 has unconnected port pc_addr[10]
WARNING: [Synth 8-3331] design shifter2 has unconnected port pc_addr[9]
WARNING: [Synth 8-3331] design shifter2 has unconnected port pc_addr[8]
WARNING: [Synth 8-3331] design shifter2 has unconnected port pc_addr[7]
WARNING: [Synth 8-3331] design shifter2 has unconnected port pc_addr[6]
WARNING: [Synth 8-3331] design shifter2 has unconnected port pc_addr[5]
WARNING: [Synth 8-3331] design shifter2 has unconnected port pc_addr[4]
WARNING: [Synth 8-3331] design shifter2 has unconnected port pc_addr[3]
WARNING: [Synth 8-3331] design shifter2 has unconnected port pc_addr[2]
WARNING: [Synth 8-3331] design shifter2 has unconnected port pc_addr[1]
WARNING: [Synth 8-3331] design shifter2 has unconnected port pc_addr[0]
---------------------------------------------------------------------------------
Finished Synthesize : Time (s): cpu = 00:00:02 ; elapsed = 00:00:03 . Memory (MB): peak = 486.523 ; gain = 155.375
---------------------------------------------------------------------------------
---------------------------------------------------------------------------------
Finished Constraint Validation : Time (s): cpu = 00:00:02 ; elapsed = 00:00:03 . Memory (MB): peak = 486.523 ; gain = 155.375
---------------------------------------------------------------------------------
---------------------------------------------------------------------------------
Start Loading Part and Timing Information
---------------------------------------------------------------------------------
Loading part: xc7a35tftg256-1
---------------------------------------------------------------------------------
Finished Loading Part and Timing Information : Time (s): cpu = 00:00:02 ; elapsed = 00:00:03 . Memory (MB): peak = 486.523 ; gain = 155.375
---------------------------------------------------------------------------------
INFO: [Device 21-403] Loading part xc7a35tftg256-1
---------------------------------------------------------------------------------
Finished RTL Optimization Phase 2 : Time (s): cpu = 00:00:02 ; elapsed = 00:00:03 . Memory (MB): peak = 486.523 ; gain = 155.375
---------------------------------------------------------------------------------

Report RTL Partitions: 
+-+--------------+------------+----------+
| |RTL Partition |Replication |Instances |
+-+--------------+------------+----------+
+-+--------------+------------+----------+
No constraint files found.
---------------------------------------------------------------------------------
Start RTL Component Statistics 
---------------------------------------------------------------------------------
Detailed RTL Component Info : 
---------------------------------------------------------------------------------
Finished RTL Component Statistics 
---------------------------------------------------------------------------------
---------------------------------------------------------------------------------
Start RTL Hierarchical Component Statistics 
---------------------------------------------------------------------------------
Hierarchical RTL Component report 
---------------------------------------------------------------------------------
Finished RTL Hierarchical Component Statistics
---------------------------------------------------------------------------------
---------------------------------------------------------------------------------
Start Part Resource Summary
---------------------------------------------------------------------------------
Part Resources:
DSPs: 90 (col length:60)
BRAMs: 100 (col length: RAMB18 60 RAMB36 30)
---------------------------------------------------------------------------------
Finished Part Resource Summary
---------------------------------------------------------------------------------
No constraint files found.
---------------------------------------------------------------------------------
Start Cross Boundary and Area Optimization
---------------------------------------------------------------------------------
Warning: Parallel synthesis criteria is not met 
WARNING: [Synth 8-3330] design shifter2 has an empty top module
WARNING: [Synth 8-3917] design shifter2 has port pc_addr_J[1] driven by constant 0
WARNING: [Synth 8-3917] design shifter2 has port pc_addr_J[0] driven by constant 0
WARNING: [Synth 8-3331] design shifter2 has unconnected port pc_addr[28]
WARNING: [Synth 8-3331] design shifter2 has unconnected port pc_addr[27]
WARNING: [Synth 8-3331] design shifter2 has unconnected port pc_addr[26]
WARNING: [Synth 8-3331] design shifter2 has unconnected port pc_addr[25]
WARNING: [Synth 8-3331] design shifter2 has unconnected port pc_addr[24]
WARNING: [Synth 8-3331] design shifter2 has unconnected port pc_addr[23]
WARNING: [Synth 8-3331] design shifter2 has unconnected port pc_addr[22]
WARNING: [Synth 8-3331] design shifter2 has unconnected port pc_addr[21]
WARNING: [Synth 8-3331] design shifter2 has unconnected port pc_addr[20]
WARNING: [Synth 8-3331] design shifter2 has unconnected port pc_addr[19]
WARNING: [Synth 8-3331] design shifter2 has unconnected port pc_addr[18]
WARNING: [Synth 8-3331] design shifter2 has unconnected port pc_addr[17]
WARNING: [Synth 8-3331] design shifter2 has unconnected port pc_addr[16]
WARNING: [Synth 8-3331] design shifter2 has unconnected port pc_addr[15]
WARNING: [Synth 8-3331] design shifter2 has unconnected port pc_addr[14]
WARNING: [Synth 8-3331] design shifter2 has unconnected port pc_addr[13]
WARNING: [Synth 8-3331] design shifter2 has unconnected port pc_addr[12]
WARNING: [Synth 8-3331] design shifter2 has unconnected port pc_addr[11]
WARNING: [Synth 8-3331] design shifter2 has unconnected port pc_addr[10]
WARNING: [Synth 8-3331] design shifter2 has unconnected port pc_addr[9]
WARNING: [Synth 8-3331] design shifter2 has unconnected port pc_addr[8]
WARNING: [Synth 8-3331] design shifter2 has unconnected port pc_addr[7]
WARNING: [Synth 8-3331] design shifter2 has unconnected port pc_addr[6]
WARNING: [Synth 8-3331] design shifter2 has unconnected port pc_addr[5]
WARNING: [Synth 8-3331] design shifter2 has unconnected port pc_addr[4]
WARNING: [Synth 8-3331] design shifter2 has unconnected port pc_addr[3]
WARNING: [Synth 8-3331] design shifter2 has unconnected port pc_addr[2]
WARNING: [Synth 8-3331] design shifter2 has unconnected port pc_addr[1]
WARNING: [Synth 8-3331] design shifter2 has unconnected port pc_addr[0]
---------------------------------------------------------------------------------
Finished Cross Boundary and Area Optimization : Time (s): cpu = 00:00:04 ; elapsed = 00:00:05 . Memory (MB): peak = 588.562 ; gain = 257.414
---------------------------------------------------------------------------------

Report RTL Partitions: 
+-+--------------+------------+----------+
| |RTL Partition |Replication |Instances |
+-+--------------+------------+----------+
+-+--------------+------------+----------+
No constraint files found.
---------------------------------------------------------------------------------
Start Timing Optimization
---------------------------------------------------------------------------------
---------------------------------------------------------------------------------
Finished Timing Optimization : Time (s): cpu = 00:00:04 ; elapsed = 00:00:05 . Memory (MB): peak = 588.562 ; gain = 257.414
---------------------------------------------------------------------------------

Report RTL Partitions: 
+-+--------------+------------+----------+
| |RTL Partition |Replication |Instances |
+-+--------------+------------+----------+
+-+--------------+------------+----------+
---------------------------------------------------------------------------------
Start Technology Mapping
---------------------------------------------------------------------------------
---------------------------------------------------------------------------------
Finished Technology Mapping : Time (s): cpu = 00:00:04 ; elapsed = 00:00:05 . Memory (MB): peak = 597.266 ; gain = 266.117
---------------------------------------------------------------------------------

Report RTL Partitions: 
+-+--------------+------------+----------+
| |RTL Partition |Replication |Instances |
+-+--------------+------------+----------+
+-+--------------+------------+----------+
---------------------------------------------------------------------------------
Start IO Insertion
---------------------------------------------------------------------------------
---------------------------------------------------------------------------------
Start Flattening Before IO Insertion
---------------------------------------------------------------------------------
---------------------------------------------------------------------------------
Finished Flattening Before IO Insertion
---------------------------------------------------------------------------------
---------------------------------------------------------------------------------
Start Final Netlist Cleanup
---------------------------------------------------------------------------------
---------------------------------------------------------------------------------
Finished Final Netlist Cleanup
---------------------------------------------------------------------------------
---------------------------------------------------------------------------------
Finished IO Insertion : Time (s): cpu = 00:00:05 ; elapsed = 00:00:06 . Memory (MB): peak = 597.266 ; gain = 266.117
---------------------------------------------------------------------------------

Report Check Netlist: 
+------+------------------+-------+---------+-------+------------------+
|      |Item              |Errors |Warnings |Status |Description       |
+------+------------------+-------+---------+-------+------------------+
|1     |multi_driven_nets |      0|        0|Passed |Multi driven nets |
+------+------------------+-------+---------+-------+------------------+
---------------------------------------------------------------------------------
Start Renaming Generated Instances
---------------------------------------------------------------------------------
---------------------------------------------------------------------------------
Finished Renaming Generated Instances : Time (s): cpu = 00:00:05 ; elapsed = 00:00:06 . Memory (MB): peak = 597.266 ; gain = 266.117
---------------------------------------------------------------------------------

Report RTL Partitions: 
+-+--------------+------------+----------+
| |RTL Partition |Replication |Instances |
+-+--------------+------------+----------+
+-+--------------+------------+----------+
---------------------------------------------------------------------------------
Start Rebuilding User Hierarchy
---------------------------------------------------------------------------------
---------------------------------------------------------------------------------
Finished Rebuilding User Hierarchy : Time (s): cpu = 00:00:05 ; elapsed = 00:00:06 . Memory (MB): peak = 597.266 ; gain = 266.117
---------------------------------------------------------------------------------
---------------------------------------------------------------------------------
Start Renaming Generated Ports
---------------------------------------------------------------------------------
---------------------------------------------------------------------------------
Finished Renaming Generated Ports : Time (s): cpu = 00:00:05 ; elapsed = 00:00:06 . Memory (MB): peak = 597.266 ; gain = 266.117
---------------------------------------------------------------------------------
---------------------------------------------------------------------------------
Start Handling Custom Attributes
---------------------------------------------------------------------------------
---------------------------------------------------------------------------------
Finished Handling Custom Attributes : Time (s): cpu = 00:00:05 ; elapsed = 00:00:06 . Memory (MB): peak = 597.266 ; gain = 266.117
---------------------------------------------------------------------------------
---------------------------------------------------------------------------------
Start Renaming Generated Nets
---------------------------------------------------------------------------------
---------------------------------------------------------------------------------
Finished Renaming Generated Nets : Time (s): cpu = 00:00:05 ; elapsed = 00:00:06 . Memory (MB): peak = 597.266 ; gain = 266.117
---------------------------------------------------------------------------------
---------------------------------------------------------------------------------
Start Writing Synthesis Report
---------------------------------------------------------------------------------

Report BlackBoxes: 
+-+--------------+----------+
| |BlackBox name |Instances |
+-+--------------+----------+
+-+--------------+----------+

Report Cell Usage: 
+------+-----+------+
|      |Cell |Count |
+------+-----+------+
|1     |IBUF |    30|
|2     |OBUF |    32|
+------+-----+------+

Report Instance Areas: 
+------+---------+-------+------+
|      |Instance |Module |Cells |
+------+---------+-------+------+
|1     |top      |       |    62|
+------+---------+-------+------+
---------------------------------------------------------------------------------
Finished Writing Synthesis Report : Time (s): cpu = 00:00:05 ; elapsed = 00:00:06 . Memory (MB): peak = 597.266 ; gain = 266.117
---------------------------------------------------------------------------------
Synthesis finished with 0 errors, 0 critical warnings and 64 warnings.
Synthesis Optimization Runtime : Time (s): cpu = 00:00:05 ; elapsed = 00:00:06 . Memory (MB): peak = 597.266 ; gain = 266.117
Synthesis Optimization Complete : Time (s): cpu = 00:00:05 ; elapsed = 00:00:06 . Memory (MB): peak = 597.266 ; gain = 266.117
INFO: [Project 1-571] Translating synthesized netlist
INFO: [Project 1-570] Preparing netlist for logic optimization
INFO: [Opt 31-138] Pushed 0 inverter(s) to 0 load pin(s).
Netlist sorting complete. Time (s): cpu = 00:00:00 ; elapsed = 00:00:00 . Memory (MB): peak = 703.395 ; gain = 0.000
INFO: [Project 1-111] Unisim Transformation Summary:
No Unisim elements were transformed.

INFO: [Common 17-83] Releasing license: Synthesis
9 Infos, 64 Warnings, 0 Critical Warnings and 0 Errors encountered.
synth_design completed successfully
synth_design: Time (s): cpu = 00:00:09 ; elapsed = 00:00:10 . Memory (MB): peak = 703.395 ; gain = 385.441
Netlist sorting complete. Time (s): cpu = 00:00:00 ; elapsed = 00:00:00 . Memory (MB): peak = 703.395 ; gain = 0.000
WARNING: [Constraints 18-5210] No constraints selected for write.
Resolution: This message can indicate that there are no constraints for the design, or it can indicate that the used_in flags are set such that the constraints are ignored. This later case is used when running synth_design to not write synthesis constraints to the resulting checkpoint. Instead, project constraints are read when the synthesized design is opened.
INFO: [Common 17-1381] The checkpoint 'D:/CPU/shifter2/project_2.runs/synth_1/shifter2.dcp' has been generated.
INFO: [runtcl-4] Executing : report_utilization -file shifter2_utilization_synth.rpt -pb shifter2_utilization_synth.pb
INFO: [Common 17-206] Exiting Vivado at Tue Sep  1 11:03:54 2020...
