#-----------------------------------------------------------
# Vivado v2018.3 (64-bit)
# SW Build 2405991 on Thu Dec  6 23:38:27 MST 2018
# IP Build 2404404 on Fri Dec  7 01:43:56 MST 2018
# Start of session at: Sun Sep  6 11:23:49 2020
# Process ID: 15388
# Current directory: F:/硬件课程设计/实验/Experiment_3/mult_decimal
# Command line: vivado.exe -gui_launcher_event rodinguilauncherevent13580 F:\硬件课程设计\实验\Experiment_3\mult_decimal\project_final.xpr
# Log file: F:/硬件课程设计/实验/Experiment_3/mult_decimal/vivado.log
# Journal file: F:/硬件课程设计/实验/Experiment_3/mult_decimal\vivado.jou
#-----------------------------------------------------------
start_gui
open_project F:/硬件课程设计/实验/Experiment_3/mult_decimal/project_final.xpr
INFO: [Project 1-313] Project file moved from 'C:/Users/Pikachu/Desktop/Experiment_3/mult_decimal' since last save.
Scanning sources...
Finished scanning sources
INFO: [IP_Flow 19-234] Refreshing IP repositories
INFO: [IP_Flow 19-1700] Loaded user IP repository 'f:/硬件课程设计/实验/Experiment_3/IP core/xilinx.com_user_adder_1.0'.
INFO: [IP_Flow 19-1700] Loaded user IP repository 'f:/硬件课程设计/实验/Experiment_3/IP core/xilinx.com_user_deconcentrator_1.0'.
INFO: [IP_Flow 19-1700] Loaded user IP repository 'f:/硬件课程设计/实验/Experiment_3/IP core/xilinx.com_user_doubling_1.0'.
INFO: [IP_Flow 19-2313] Loaded Vivado IP repository 'D:/Vivado18.3/Vivado/2018.3/data/ip'.
open_project: Time (s): cpu = 00:00:13 ; elapsed = 00:00:06 . Memory (MB): peak = 794.926 ; gain = 166.453
update_compile_order -fileset sources_1
exit
INFO: [Common 17-206] Exiting Vivado at Sun Sep  6 11:24:23 2020...
